Mensaje I / 00:00:00:000 / Root(00) para top(01)
Mensaje I / 00:00:00:000 / top(01) para assignment(02)
Mensaje I / 00:00:00:000 / top(01) para observer(03)
Mensaje I / 00:00:00:000 / top(01) para modelname(04)
Mensaje D / 00:00:00:000 / assignment(02) / ... para top(01)
Mensaje D / 00:00:00:000 / observer(03) / ... para top(01)
Mensaje I / 00:00:00:000 / modelname(04) para timechecker(05)
Mensaje I / 00:00:00:000 / modelname(04) para plagiarismchecker(06)
Mensaje I / 00:00:00:000 / modelname(04) para mailchecker(07)
Mensaje D / 00:00:00:000 / timechecker(05) / ... para modelname(04)
Mensaje D / 00:00:00:000 / plagiarismchecker(06) / ... para modelname(04)
Mensaje D / 00:00:00:000 / mailchecker(07) / ... para modelname(04)
Mensaje D / 00:00:00:000 / modelname(04) / ... para top(01)
Mensaje D / 00:00:00:000 / top(01) / ... para Root(00)
Mensaje X / 00:00:10:000 / Root(00) / submit / 110151.00000 para top(01)
Mensaje X / 00:00:10:000 / top(01) / submit / 110151.00000 para assignment(02)
Mensaje D / 00:00:10:000 / assignment(02) / 00:00:05:000 para top(01)
Mensaje D / 00:00:10:000 / top(01) / 00:00:05:000 para Root(00)
Mensaje * / 00:00:15:000 / Root(00) para top(01)
Mensaje * / 00:00:15:000 / top(01) para assignment(02)
Mensaje Y / 00:00:15:000 / assignment(02) / details / 110151.00000 para top(01)
Mensaje D / 00:00:15:000 / assignment(02) / ... para top(01)
Mensaje X / 00:00:15:000 / top(01) / details / 110151.00000 para modelname(04)
Mensaje X / 00:00:15:000 / modelname(04) / details / 110151.00000 para timechecker(05)
Mensaje X / 00:00:15:000 / modelname(04) / details / 110151.00000 para plagiarismchecker(06)
Mensaje X / 00:00:15:000 / modelname(04) / details / 110151.00000 para mailchecker(07)
Mensaje D / 00:00:15:000 / timechecker(05) / 00:00:05:000 para modelname(04)
Mensaje D / 00:00:15:000 / plagiarismchecker(06) / 00:00:05:000 para modelname(04)
Mensaje D / 00:00:15:000 / mailchecker(07) / 00:00:05:000 para modelname(04)
Mensaje D / 00:00:15:000 / modelname(04) / 00:00:05:000 para top(01)
Mensaje D / 00:00:15:000 / top(01) / 00:00:05:000 para Root(00)
Mensaje * / 00:00:20:000 / Root(00) para top(01)
Mensaje * / 00:00:20:000 / top(01) para modelname(04)
Mensaje * / 00:00:20:000 / modelname(04) para timechecker(05)
Mensaje Y / 00:00:20:000 / timechecker(05) / tc_out /      1.00000 para modelname(04)
Mensaje D / 00:00:20:000 / timechecker(05) / ... para modelname(04)
Mensaje Y / 00:00:20:000 / modelname(04) / tc_out /      1.00000 para top(01)
Mensaje D / 00:00:20:000 / modelname(04) / 00:00:00:000 para top(01)
Mensaje X / 00:00:20:000 / top(01) / tc_out /      1.00000 para observer(03)
Mensaje D / 00:00:20:000 / observer(03) / 00:00:10:000 para top(01)
Mensaje D / 00:00:20:000 / top(01) / 00:00:00:000 para Root(00)
Mensaje * / 00:00:20:000 / Root(00) para top(01)
Mensaje * / 00:00:20:000 / top(01) para modelname(04)
Mensaje * / 00:00:20:000 / modelname(04) para plagiarismchecker(06)
Mensaje Y / 00:00:20:000 / plagiarismchecker(06) / pc_out /      1.00000 para modelname(04)
Mensaje D / 00:00:20:000 / plagiarismchecker(06) / ... para modelname(04)
Mensaje Y / 00:00:20:000 / modelname(04) / pc_out /      1.00000 para top(01)
Mensaje D / 00:00:20:000 / modelname(04) / 00:00:00:000 para top(01)
Mensaje X / 00:00:20:000 / top(01) / pc_out /      1.00000 para observer(03)
Mensaje D / 00:00:20:000 / observer(03) / 00:00:10:000 para top(01)
Mensaje D / 00:00:20:000 / top(01) / 00:00:00:000 para Root(00)
Mensaje * / 00:00:20:000 / Root(00) para top(01)
Mensaje * / 00:00:20:000 / top(01) para modelname(04)
Mensaje * / 00:00:20:000 / modelname(04) para mailchecker(07)
Mensaje Y / 00:00:20:000 / mailchecker(07) / ml_out /      1.00000 para modelname(04)
Mensaje D / 00:00:20:000 / mailchecker(07) / ... para modelname(04)
Mensaje Y / 00:00:20:000 / modelname(04) / ml_out /      1.00000 para top(01)
Mensaje D / 00:00:20:000 / modelname(04) / ... para top(01)
Mensaje X / 00:00:20:000 / top(01) / ml_out /      1.00000 para observer(03)
Mensaje D / 00:00:20:000 / observer(03) / 00:00:10:000 para top(01)
Mensaje D / 00:00:20:000 / top(01) / 00:00:10:000 para Root(00)
Mensaje * / 00:00:30:000 / Root(00) para top(01)
Mensaje * / 00:00:30:000 / top(01) para observer(03)
Mensaje Y / 00:00:30:000 / observer(03) / response /      1.00000 para top(01)
Mensaje D / 00:00:30:000 / observer(03) / ... para top(01)
Mensaje Y / 00:00:30:000 / top(01) / response /      1.00000 para Root(00)
Mensaje D / 00:00:30:000 / top(01) / ... para Root(00)
Mensaje X / 00:00:40:000 / Root(00) / submit / 124151.00000 para top(01)
Mensaje X / 00:00:40:000 / top(01) / submit / 124151.00000 para assignment(02)
Mensaje D / 00:00:40:000 / assignment(02) / 00:00:05:000 para top(01)
Mensaje D / 00:00:40:000 / top(01) / 00:00:05:000 para Root(00)
Mensaje * / 00:00:45:000 / Root(00) para top(01)
Mensaje * / 00:00:45:000 / top(01) para assignment(02)
Mensaje Y / 00:00:45:000 / assignment(02) / details / 124151.00000 para top(01)
Mensaje D / 00:00:45:000 / assignment(02) / ... para top(01)
Mensaje X / 00:00:45:000 / top(01) / details / 124151.00000 para modelname(04)
Mensaje X / 00:00:45:000 / modelname(04) / details / 124151.00000 para timechecker(05)
Mensaje X / 00:00:45:000 / modelname(04) / details / 124151.00000 para plagiarismchecker(06)
Mensaje X / 00:00:45:000 / modelname(04) / details / 124151.00000 para mailchecker(07)
Mensaje D / 00:00:45:000 / timechecker(05) / 00:00:05:000 para modelname(04)
Mensaje D / 00:00:45:000 / plagiarismchecker(06) / 00:00:05:000 para modelname(04)
Mensaje D / 00:00:45:000 / mailchecker(07) / 00:00:05:000 para modelname(04)
Mensaje D / 00:00:45:000 / modelname(04) / 00:00:05:000 para top(01)
Mensaje D / 00:00:45:000 / top(01) / 00:00:05:000 para Root(00)
Mensaje * / 00:00:50:000 / Root(00) para top(01)
Mensaje * / 00:00:50:000 / top(01) para modelname(04)
Mensaje * / 00:00:50:000 / modelname(04) para timechecker(05)
Mensaje Y / 00:00:50:000 / timechecker(05) / tc_out /      0.00000 para modelname(04)
Mensaje D / 00:00:50:000 / timechecker(05) / ... para modelname(04)
Mensaje Y / 00:00:50:000 / modelname(04) / tc_out /      0.00000 para top(01)
Mensaje D / 00:00:50:000 / modelname(04) / 00:00:00:000 para top(01)
Mensaje X / 00:00:50:000 / top(01) / tc_out /      0.00000 para observer(03)
Mensaje D / 00:00:50:000 / observer(03) / 00:00:10:000 para top(01)
Mensaje D / 00:00:50:000 / top(01) / 00:00:00:000 para Root(00)
Mensaje * / 00:00:50:000 / Root(00) para top(01)
Mensaje * / 00:00:50:000 / top(01) para modelname(04)
Mensaje * / 00:00:50:000 / modelname(04) para plagiarismchecker(06)
Mensaje Y / 00:00:50:000 / plagiarismchecker(06) / pc_out /      1.00000 para modelname(04)
Mensaje D / 00:00:50:000 / plagiarismchecker(06) / ... para modelname(04)
Mensaje Y / 00:00:50:000 / modelname(04) / pc_out /      1.00000 para top(01)
Mensaje D / 00:00:50:000 / modelname(04) / 00:00:00:000 para top(01)
Mensaje X / 00:00:50:000 / top(01) / pc_out /      1.00000 para observer(03)
Mensaje D / 00:00:50:000 / observer(03) / 00:00:10:000 para top(01)
Mensaje D / 00:00:50:000 / top(01) / 00:00:00:000 para Root(00)
Mensaje * / 00:00:50:000 / Root(00) para top(01)
Mensaje * / 00:00:50:000 / top(01) para modelname(04)
Mensaje * / 00:00:50:000 / modelname(04) para mailchecker(07)
Mensaje Y / 00:00:50:000 / mailchecker(07) / ml_out /      1.00000 para modelname(04)
Mensaje D / 00:00:50:000 / mailchecker(07) / ... para modelname(04)
Mensaje Y / 00:00:50:000 / modelname(04) / ml_out /      1.00000 para top(01)
Mensaje D / 00:00:50:000 / modelname(04) / ... para top(01)
Mensaje X / 00:00:50:000 / top(01) / ml_out /      1.00000 para observer(03)
Mensaje D / 00:00:50:000 / observer(03) / 00:00:10:000 para top(01)
Mensaje D / 00:00:50:000 / top(01) / 00:00:10:000 para Root(00)
Mensaje * / 00:01:00:000 / Root(00) para top(01)
Mensaje * / 00:01:00:000 / top(01) para observer(03)
Mensaje Y / 00:01:00:000 / observer(03) / response /      0.00000 para top(01)
Mensaje D / 00:01:00:000 / observer(03) / ... para top(01)
Mensaje Y / 00:01:00:000 / top(01) / response /      0.00000 para Root(00)
Mensaje D / 00:01:00:000 / top(01) / ... para Root(00)
Mensaje X / 00:01:10:000 / Root(00) / submit / 110071.00000 para top(01)
Mensaje X / 00:01:10:000 / top(01) / submit / 110071.00000 para assignment(02)
Mensaje D / 00:01:10:000 / assignment(02) / 00:00:05:000 para top(01)
Mensaje D / 00:01:10:000 / top(01) / 00:00:05:000 para Root(00)
Mensaje * / 00:01:15:000 / Root(00) para top(01)
Mensaje * / 00:01:15:000 / top(01) para assignment(02)
Mensaje Y / 00:01:15:000 / assignment(02) / details / 110071.00000 para top(01)
Mensaje D / 00:01:15:000 / assignment(02) / ... para top(01)
Mensaje X / 00:01:15:000 / top(01) / details / 110071.00000 para modelname(04)
Mensaje X / 00:01:15:000 / modelname(04) / details / 110071.00000 para timechecker(05)
Mensaje X / 00:01:15:000 / modelname(04) / details / 110071.00000 para plagiarismchecker(06)
Mensaje X / 00:01:15:000 / modelname(04) / details / 110071.00000 para mailchecker(07)
Mensaje D / 00:01:15:000 / timechecker(05) / 00:00:05:000 para modelname(04)
Mensaje D / 00:01:15:000 / plagiarismchecker(06) / 00:00:05:000 para modelname(04)
Mensaje D / 00:01:15:000 / mailchecker(07) / 00:00:05:000 para modelname(04)
Mensaje D / 00:01:15:000 / modelname(04) / 00:00:05:000 para top(01)
Mensaje D / 00:01:15:000 / top(01) / 00:00:05:000 para Root(00)
Mensaje * / 00:01:20:000 / Root(00) para top(01)
Mensaje * / 00:01:20:000 / top(01) para modelname(04)
Mensaje * / 00:01:20:000 / modelname(04) para timechecker(05)
Mensaje Y / 00:01:20:000 / timechecker(05) / tc_out /      1.00000 para modelname(04)
Mensaje D / 00:01:20:000 / timechecker(05) / ... para modelname(04)
Mensaje Y / 00:01:20:000 / modelname(04) / tc_out /      1.00000 para top(01)
Mensaje D / 00:01:20:000 / modelname(04) / 00:00:00:000 para top(01)
Mensaje X / 00:01:20:000 / top(01) / tc_out /      1.00000 para observer(03)
Mensaje D / 00:01:20:000 / observer(03) / 00:00:10:000 para top(01)
Mensaje D / 00:01:20:000 / top(01) / 00:00:00:000 para Root(00)
Mensaje * / 00:01:20:000 / Root(00) para top(01)
Mensaje * / 00:01:20:000 / top(01) para modelname(04)
Mensaje * / 00:01:20:000 / modelname(04) para plagiarismchecker(06)
Mensaje Y / 00:01:20:000 / plagiarismchecker(06) / pc_out /      0.00000 para modelname(04)
Mensaje D / 00:01:20:000 / plagiarismchecker(06) / ... para modelname(04)
Mensaje Y / 00:01:20:000 / modelname(04) / pc_out /      0.00000 para top(01)
Mensaje D / 00:01:20:000 / modelname(04) / 00:00:00:000 para top(01)
Mensaje X / 00:01:20:000 / top(01) / pc_out /      0.00000 para observer(03)
Mensaje D / 00:01:20:000 / observer(03) / 00:00:10:000 para top(01)
Mensaje D / 00:01:20:000 / top(01) / 00:00:00:000 para Root(00)
Mensaje * / 00:01:20:000 / Root(00) para top(01)
Mensaje * / 00:01:20:000 / top(01) para modelname(04)
Mensaje * / 00:01:20:000 / modelname(04) para mailchecker(07)
Mensaje Y / 00:01:20:000 / mailchecker(07) / ml_out /      1.00000 para modelname(04)
Mensaje D / 00:01:20:000 / mailchecker(07) / ... para modelname(04)
Mensaje Y / 00:01:20:000 / modelname(04) / ml_out /      1.00000 para top(01)
Mensaje D / 00:01:20:000 / modelname(04) / ... para top(01)
Mensaje X / 00:01:20:000 / top(01) / ml_out /      1.00000 para observer(03)
Mensaje D / 00:01:20:000 / observer(03) / 00:00:10:000 para top(01)
Mensaje D / 00:01:20:000 / top(01) / 00:00:10:000 para Root(00)
Mensaje * / 00:01:30:000 / Root(00) para top(01)
Mensaje * / 00:01:30:000 / top(01) para observer(03)
Mensaje Y / 00:01:30:000 / observer(03) / response /      0.00000 para top(01)
Mensaje D / 00:01:30:000 / observer(03) / ... para top(01)
Mensaje Y / 00:01:30:000 / top(01) / response /      0.00000 para Root(00)
Mensaje D / 00:01:30:000 / top(01) / ... para Root(00)
Mensaje X / 00:01:40:000 / Root(00) / submit / 110150.00000 para top(01)
Mensaje X / 00:01:40:000 / top(01) / submit / 110150.00000 para assignment(02)
Mensaje D / 00:01:40:000 / assignment(02) / 00:00:05:000 para top(01)
Mensaje D / 00:01:40:000 / top(01) / 00:00:05:000 para Root(00)
Mensaje * / 00:01:45:000 / Root(00) para top(01)
Mensaje * / 00:01:45:000 / top(01) para assignment(02)
Mensaje Y / 00:01:45:000 / assignment(02) / details / 110150.00000 para top(01)
Mensaje D / 00:01:45:000 / assignment(02) / ... para top(01)
Mensaje X / 00:01:45:000 / top(01) / details / 110150.00000 para modelname(04)
Mensaje X / 00:01:45:000 / modelname(04) / details / 110150.00000 para timechecker(05)
Mensaje X / 00:01:45:000 / modelname(04) / details / 110150.00000 para plagiarismchecker(06)
Mensaje X / 00:01:45:000 / modelname(04) / details / 110150.00000 para mailchecker(07)
Mensaje D / 00:01:45:000 / timechecker(05) / 00:00:05:000 para modelname(04)
Mensaje D / 00:01:45:000 / plagiarismchecker(06) / 00:00:05:000 para modelname(04)
Mensaje D / 00:01:45:000 / mailchecker(07) / 00:00:05:000 para modelname(04)
Mensaje D / 00:01:45:000 / modelname(04) / 00:00:05:000 para top(01)
Mensaje D / 00:01:45:000 / top(01) / 00:00:05:000 para Root(00)
Mensaje * / 00:01:50:000 / Root(00) para top(01)
Mensaje * / 00:01:50:000 / top(01) para modelname(04)
Mensaje * / 00:01:50:000 / modelname(04) para timechecker(05)
Mensaje Y / 00:01:50:000 / timechecker(05) / tc_out /      1.00000 para modelname(04)
Mensaje D / 00:01:50:000 / timechecker(05) / ... para modelname(04)
Mensaje Y / 00:01:50:000 / modelname(04) / tc_out /      1.00000 para top(01)
Mensaje D / 00:01:50:000 / modelname(04) / 00:00:00:000 para top(01)
Mensaje X / 00:01:50:000 / top(01) / tc_out /      1.00000 para observer(03)
Mensaje D / 00:01:50:000 / observer(03) / 00:00:10:000 para top(01)
Mensaje D / 00:01:50:000 / top(01) / 00:00:00:000 para Root(00)
Mensaje * / 00:01:50:000 / Root(00) para top(01)
Mensaje * / 00:01:50:000 / top(01) para modelname(04)
Mensaje * / 00:01:50:000 / modelname(04) para plagiarismchecker(06)
Mensaje Y / 00:01:50:000 / plagiarismchecker(06) / pc_out /      1.00000 para modelname(04)
Mensaje D / 00:01:50:000 / plagiarismchecker(06) / ... para modelname(04)
Mensaje Y / 00:01:50:000 / modelname(04) / pc_out /      1.00000 para top(01)
Mensaje D / 00:01:50:000 / modelname(04) / 00:00:00:000 para top(01)
Mensaje X / 00:01:50:000 / top(01) / pc_out /      1.00000 para observer(03)
Mensaje D / 00:01:50:000 / observer(03) / 00:00:10:000 para top(01)
Mensaje D / 00:01:50:000 / top(01) / 00:00:00:000 para Root(00)
Mensaje * / 00:01:50:000 / Root(00) para top(01)
Mensaje * / 00:01:50:000 / top(01) para modelname(04)
Mensaje * / 00:01:50:000 / modelname(04) para mailchecker(07)
Mensaje Y / 00:01:50:000 / mailchecker(07) / ml_out /      0.00000 para modelname(04)
Mensaje D / 00:01:50:000 / mailchecker(07) / ... para modelname(04)
Mensaje Y / 00:01:50:000 / modelname(04) / ml_out /      0.00000 para top(01)
Mensaje D / 00:01:50:000 / modelname(04) / ... para top(01)
Mensaje X / 00:01:50:000 / top(01) / ml_out /      0.00000 para observer(03)
Mensaje D / 00:01:50:000 / observer(03) / 00:00:10:000 para top(01)
Mensaje D / 00:01:50:000 / top(01) / 00:00:10:000 para Root(00)
Mensaje * / 00:02:00:000 / Root(00) para top(01)
Mensaje * / 00:02:00:000 / top(01) para observer(03)
Mensaje Y / 00:02:00:000 / observer(03) / response /      0.00000 para top(01)
Mensaje D / 00:02:00:000 / observer(03) / ... para top(01)
Mensaje Y / 00:02:00:000 / top(01) / response /      0.00000 para Root(00)
Mensaje D / 00:02:00:000 / top(01) / ... para Root(00)
Mensaje X / 00:02:10:000 / Root(00) / submit / 115080.00000 para top(01)
Mensaje X / 00:02:10:000 / top(01) / submit / 115080.00000 para assignment(02)
Mensaje D / 00:02:10:000 / assignment(02) / 00:00:05:000 para top(01)
Mensaje D / 00:02:10:000 / top(01) / 00:00:05:000 para Root(00)
Mensaje * / 00:02:15:000 / Root(00) para top(01)
Mensaje * / 00:02:15:000 / top(01) para assignment(02)
Mensaje Y / 00:02:15:000 / assignment(02) / details / 115080.00000 para top(01)
Mensaje D / 00:02:15:000 / assignment(02) / ... para top(01)
Mensaje X / 00:02:15:000 / top(01) / details / 115080.00000 para modelname(04)
Mensaje X / 00:02:15:000 / modelname(04) / details / 115080.00000 para timechecker(05)
Mensaje X / 00:02:15:000 / modelname(04) / details / 115080.00000 para plagiarismchecker(06)
Mensaje X / 00:02:15:000 / modelname(04) / details / 115080.00000 para mailchecker(07)
Mensaje D / 00:02:15:000 / timechecker(05) / 00:00:05:000 para modelname(04)
Mensaje D / 00:02:15:000 / plagiarismchecker(06) / 00:00:05:000 para modelname(04)
Mensaje D / 00:02:15:000 / mailchecker(07) / 00:00:05:000 para modelname(04)
Mensaje D / 00:02:15:000 / modelname(04) / 00:00:05:000 para top(01)
Mensaje D / 00:02:15:000 / top(01) / 00:00:05:000 para Root(00)
Mensaje * / 00:02:20:000 / Root(00) para top(01)
Mensaje * / 00:02:20:000 / top(01) para modelname(04)
Mensaje * / 00:02:20:000 / modelname(04) para timechecker(05)
Mensaje Y / 00:02:20:000 / timechecker(05) / tc_out /      0.00000 para modelname(04)
Mensaje D / 00:02:20:000 / timechecker(05) / ... para modelname(04)
Mensaje Y / 00:02:20:000 / modelname(04) / tc_out /      0.00000 para top(01)
Mensaje D / 00:02:20:000 / modelname(04) / 00:00:00:000 para top(01)
Mensaje X / 00:02:20:000 / top(01) / tc_out /      0.00000 para observer(03)
Mensaje D / 00:02:20:000 / observer(03) / 00:00:10:000 para top(01)
Mensaje D / 00:02:20:000 / top(01) / 00:00:00:000 para Root(00)
Mensaje * / 00:02:20:000 / Root(00) para top(01)
Mensaje * / 00:02:20:000 / top(01) para modelname(04)
Mensaje * / 00:02:20:000 / modelname(04) para plagiarismchecker(06)
Mensaje Y / 00:02:20:000 / plagiarismchecker(06) / pc_out /      0.00000 para modelname(04)
Mensaje D / 00:02:20:000 / plagiarismchecker(06) / ... para modelname(04)
Mensaje Y / 00:02:20:000 / modelname(04) / pc_out /      0.00000 para top(01)
Mensaje D / 00:02:20:000 / modelname(04) / 00:00:00:000 para top(01)
Mensaje X / 00:02:20:000 / top(01) / pc_out /      0.00000 para observer(03)
Mensaje D / 00:02:20:000 / observer(03) / 00:00:10:000 para top(01)
Mensaje D / 00:02:20:000 / top(01) / 00:00:00:000 para Root(00)
Mensaje * / 00:02:20:000 / Root(00) para top(01)
Mensaje * / 00:02:20:000 / top(01) para modelname(04)
Mensaje * / 00:02:20:000 / modelname(04) para mailchecker(07)
Mensaje Y / 00:02:20:000 / mailchecker(07) / ml_out /      0.00000 para modelname(04)
Mensaje D / 00:02:20:000 / mailchecker(07) / ... para modelname(04)
Mensaje Y / 00:02:20:000 / modelname(04) / ml_out /      0.00000 para top(01)
Mensaje D / 00:02:20:000 / modelname(04) / ... para top(01)
Mensaje X / 00:02:20:000 / top(01) / ml_out /      0.00000 para observer(03)
Mensaje D / 00:02:20:000 / observer(03) / 00:00:10:000 para top(01)
Mensaje D / 00:02:20:000 / top(01) / 00:00:10:000 para Root(00)
Mensaje * / 00:02:30:000 / Root(00) para top(01)
Mensaje * / 00:02:30:000 / top(01) para observer(03)
Mensaje Y / 00:02:30:000 / observer(03) / response /      0.00000 para top(01)
Mensaje D / 00:02:30:000 / observer(03) / ... para top(01)
Mensaje Y / 00:02:30:000 / top(01) / response /      0.00000 para Root(00)
Mensaje D / 00:02:30:000 / top(01) / ... para Root(00)
Mensaje X / 00:02:40:000 / Root(00) / submit / 101501.00000 para top(01)
Mensaje X / 00:02:40:000 / top(01) / submit / 101501.00000 para assignment(02)
Mensaje D / 00:02:40:000 / assignment(02) / 00:00:05:000 para top(01)
Mensaje D / 00:02:40:000 / top(01) / 00:00:05:000 para Root(00)
Mensaje * / 00:02:45:000 / Root(00) para top(01)
Mensaje * / 00:02:45:000 / top(01) para assignment(02)
Mensaje Y / 00:02:45:000 / assignment(02) / details / 101501.00000 para top(01)
Mensaje D / 00:02:45:000 / assignment(02) / ... para top(01)
Mensaje X / 00:02:45:000 / top(01) / details / 101501.00000 para modelname(04)
Mensaje X / 00:02:45:000 / modelname(04) / details / 101501.00000 para timechecker(05)
Mensaje X / 00:02:45:000 / modelname(04) / details / 101501.00000 para plagiarismchecker(06)
Mensaje X / 00:02:45:000 / modelname(04) / details / 101501.00000 para mailchecker(07)
Mensaje D / 00:02:45:000 / timechecker(05) / 00:00:05:000 para modelname(04)
Mensaje D / 00:02:45:000 / plagiarismchecker(06) / 00:00:05:000 para modelname(04)
Mensaje D / 00:02:45:000 / mailchecker(07) / 00:00:05:000 para modelname(04)
Mensaje D / 00:02:45:000 / modelname(04) / 00:00:05:000 para top(01)
Mensaje D / 00:02:45:000 / top(01) / 00:00:05:000 para Root(00)
Mensaje * / 00:02:50:000 / Root(00) para top(01)
Mensaje * / 00:02:50:000 / top(01) para modelname(04)
Mensaje * / 00:02:50:000 / modelname(04) para timechecker(05)
Mensaje Y / 00:02:50:000 / timechecker(05) / tc_out /      1.00000 para modelname(04)
Mensaje D / 00:02:50:000 / timechecker(05) / ... para modelname(04)
Mensaje Y / 00:02:50:000 / modelname(04) / tc_out /      1.00000 para top(01)
Mensaje D / 00:02:50:000 / modelname(04) / 00:00:00:000 para top(01)
Mensaje X / 00:02:50:000 / top(01) / tc_out /      1.00000 para observer(03)
Mensaje D / 00:02:50:000 / observer(03) / 00:00:10:000 para top(01)
Mensaje D / 00:02:50:000 / top(01) / 00:00:00:000 para Root(00)
Mensaje * / 00:02:50:000 / Root(00) para top(01)
Mensaje * / 00:02:50:000 / top(01) para modelname(04)
Mensaje * / 00:02:50:000 / modelname(04) para plagiarismchecker(06)
Mensaje Y / 00:02:50:000 / plagiarismchecker(06) / pc_out /      1.00000 para modelname(04)
Mensaje D / 00:02:50:000 / plagiarismchecker(06) / ... para modelname(04)
Mensaje Y / 00:02:50:000 / modelname(04) / pc_out /      1.00000 para top(01)
Mensaje D / 00:02:50:000 / modelname(04) / 00:00:00:000 para top(01)
Mensaje X / 00:02:50:000 / top(01) / pc_out /      1.00000 para observer(03)
Mensaje D / 00:02:50:000 / observer(03) / 00:00:10:000 para top(01)
Mensaje D / 00:02:50:000 / top(01) / 00:00:00:000 para Root(00)
Mensaje * / 00:02:50:000 / Root(00) para top(01)
Mensaje * / 00:02:50:000 / top(01) para modelname(04)
Mensaje * / 00:02:50:000 / modelname(04) para mailchecker(07)
Mensaje Y / 00:02:50:000 / mailchecker(07) / ml_out /      1.00000 para modelname(04)
Mensaje D / 00:02:50:000 / mailchecker(07) / ... para modelname(04)
Mensaje Y / 00:02:50:000 / modelname(04) / ml_out /      1.00000 para top(01)
Mensaje D / 00:02:50:000 / modelname(04) / ... para top(01)
Mensaje X / 00:02:50:000 / top(01) / ml_out /      1.00000 para observer(03)
Mensaje D / 00:02:50:000 / observer(03) / 00:00:10:000 para top(01)
Mensaje D / 00:02:50:000 / top(01) / 00:00:10:000 para Root(00)
Mensaje * / 00:03:00:000 / Root(00) para top(01)
Mensaje * / 00:03:00:000 / top(01) para observer(03)
Mensaje Y / 00:03:00:000 / observer(03) / response /      1.00000 para top(01)
Mensaje D / 00:03:00:000 / observer(03) / ... para top(01)
Mensaje Y / 00:03:00:000 / top(01) / response /      1.00000 para Root(00)
Mensaje D / 00:03:00:000 / top(01) / ... para Root(00)
Mensaje X / 00:03:10:000 / Root(00) / submit / 105991.00000 para top(01)
Mensaje X / 00:03:10:000 / top(01) / submit / 105991.00000 para assignment(02)
Mensaje D / 00:03:10:000 / assignment(02) / 00:00:05:000 para top(01)
Mensaje D / 00:03:10:000 / top(01) / 00:00:05:000 para Root(00)
Mensaje * / 00:03:15:000 / Root(00) para top(01)
Mensaje * / 00:03:15:000 / top(01) para assignment(02)
Mensaje Y / 00:03:15:000 / assignment(02) / details / 105991.00000 para top(01)
Mensaje D / 00:03:15:000 / assignment(02) / ... para top(01)
Mensaje X / 00:03:15:000 / top(01) / details / 105991.00000 para modelname(04)
Mensaje X / 00:03:15:000 / modelname(04) / details / 105991.00000 para timechecker(05)
Mensaje X / 00:03:15:000 / modelname(04) / details / 105991.00000 para plagiarismchecker(06)
Mensaje X / 00:03:15:000 / modelname(04) / details / 105991.00000 para mailchecker(07)
Mensaje D / 00:03:15:000 / timechecker(05) / 00:00:05:000 para modelname(04)
Mensaje D / 00:03:15:000 / plagiarismchecker(06) / 00:00:05:000 para modelname(04)
Mensaje D / 00:03:15:000 / mailchecker(07) / 00:00:05:000 para modelname(04)
Mensaje D / 00:03:15:000 / modelname(04) / 00:00:05:000 para top(01)
Mensaje D / 00:03:15:000 / top(01) / 00:00:05:000 para Root(00)
Mensaje * / 00:03:20:000 / Root(00) para top(01)
Mensaje * / 00:03:20:000 / top(01) para modelname(04)
Mensaje * / 00:03:20:000 / modelname(04) para timechecker(05)
Mensaje Y / 00:03:20:000 / timechecker(05) / tc_out /      1.00000 para modelname(04)
Mensaje D / 00:03:20:000 / timechecker(05) / ... para modelname(04)
Mensaje Y / 00:03:20:000 / modelname(04) / tc_out /      1.00000 para top(01)
Mensaje D / 00:03:20:000 / modelname(04) / 00:00:00:000 para top(01)
Mensaje X / 00:03:20:000 / top(01) / tc_out /      1.00000 para observer(03)
Mensaje D / 00:03:20:000 / observer(03) / 00:00:10:000 para top(01)
Mensaje D / 00:03:20:000 / top(01) / 00:00:00:000 para Root(00)
Mensaje * / 00:03:20:000 / Root(00) para top(01)
Mensaje * / 00:03:20:000 / top(01) para modelname(04)
Mensaje * / 00:03:20:000 / modelname(04) para plagiarismchecker(06)
Mensaje Y / 00:03:20:000 / plagiarismchecker(06) / pc_out /      1.00000 para modelname(04)
Mensaje D / 00:03:20:000 / plagiarismchecker(06) / ... para modelname(04)
Mensaje Y / 00:03:20:000 / modelname(04) / pc_out /      1.00000 para top(01)
Mensaje D / 00:03:20:000 / modelname(04) / 00:00:00:000 para top(01)
Mensaje X / 00:03:20:000 / top(01) / pc_out /      1.00000 para observer(03)
Mensaje D / 00:03:20:000 / observer(03) / 00:00:10:000 para top(01)
Mensaje D / 00:03:20:000 / top(01) / 00:00:00:000 para Root(00)
Mensaje * / 00:03:20:000 / Root(00) para top(01)
Mensaje * / 00:03:20:000 / top(01) para modelname(04)
Mensaje * / 00:03:20:000 / modelname(04) para mailchecker(07)
Mensaje Y / 00:03:20:000 / mailchecker(07) / ml_out /      1.00000 para modelname(04)
Mensaje D / 00:03:20:000 / mailchecker(07) / ... para modelname(04)
Mensaje Y / 00:03:20:000 / modelname(04) / ml_out /      1.00000 para top(01)
Mensaje D / 00:03:20:000 / modelname(04) / ... para top(01)
Mensaje X / 00:03:20:000 / top(01) / ml_out /      1.00000 para observer(03)
Mensaje D / 00:03:20:000 / observer(03) / 00:00:10:000 para top(01)
Mensaje D / 00:03:20:000 / top(01) / 00:00:10:000 para Root(00)
Mensaje * / 00:03:30:000 / Root(00) para top(01)
Mensaje * / 00:03:30:000 / top(01) para observer(03)
Mensaje Y / 00:03:30:000 / observer(03) / response /      1.00000 para top(01)
Mensaje D / 00:03:30:000 / observer(03) / ... para top(01)
Mensaje Y / 00:03:30:000 / top(01) / response /      1.00000 para Root(00)
Mensaje D / 00:03:30:000 / top(01) / ... para Root(00)
Mensaje X / 00:03:40:000 / Root(00) / submit / 110070.00000 para top(01)
Mensaje X / 00:03:40:000 / top(01) / submit / 110070.00000 para assignment(02)
Mensaje D / 00:03:40:000 / assignment(02) / 00:00:05:000 para top(01)
Mensaje D / 00:03:40:000 / top(01) / 00:00:05:000 para Root(00)
Mensaje * / 00:03:45:000 / Root(00) para top(01)
Mensaje * / 00:03:45:000 / top(01) para assignment(02)
Mensaje Y / 00:03:45:000 / assignment(02) / details / 110070.00000 para top(01)
Mensaje D / 00:03:45:000 / assignment(02) / ... para top(01)
Mensaje X / 00:03:45:000 / top(01) / details / 110070.00000 para modelname(04)
Mensaje X / 00:03:45:000 / modelname(04) / details / 110070.00000 para timechecker(05)
Mensaje X / 00:03:45:000 / modelname(04) / details / 110070.00000 para plagiarismchecker(06)
Mensaje X / 00:03:45:000 / modelname(04) / details / 110070.00000 para mailchecker(07)
Mensaje D / 00:03:45:000 / timechecker(05) / 00:00:05:000 para modelname(04)
Mensaje D / 00:03:45:000 / plagiarismchecker(06) / 00:00:05:000 para modelname(04)
Mensaje D / 00:03:45:000 / mailchecker(07) / 00:00:05:000 para modelname(04)
Mensaje D / 00:03:45:000 / modelname(04) / 00:00:05:000 para top(01)
Mensaje D / 00:03:45:000 / top(01) / 00:00:05:000 para Root(00)
Mensaje * / 00:03:50:000 / Root(00) para top(01)
Mensaje * / 00:03:50:000 / top(01) para modelname(04)
Mensaje * / 00:03:50:000 / modelname(04) para timechecker(05)
Mensaje Y / 00:03:50:000 / timechecker(05) / tc_out /      1.00000 para modelname(04)
Mensaje D / 00:03:50:000 / timechecker(05) / ... para modelname(04)
Mensaje Y / 00:03:50:000 / modelname(04) / tc_out /      1.00000 para top(01)
Mensaje D / 00:03:50:000 / modelname(04) / 00:00:00:000 para top(01)
Mensaje X / 00:03:50:000 / top(01) / tc_out /      1.00000 para observer(03)
Mensaje D / 00:03:50:000 / observer(03) / 00:00:10:000 para top(01)
Mensaje D / 00:03:50:000 / top(01) / 00:00:00:000 para Root(00)
Mensaje * / 00:03:50:000 / Root(00) para top(01)
Mensaje * / 00:03:50:000 / top(01) para modelname(04)
Mensaje * / 00:03:50:000 / modelname(04) para plagiarismchecker(06)
Mensaje Y / 00:03:50:000 / plagiarismchecker(06) / pc_out /      0.00000 para modelname(04)
Mensaje D / 00:03:50:000 / plagiarismchecker(06) / ... para modelname(04)
Mensaje Y / 00:03:50:000 / modelname(04) / pc_out /      0.00000 para top(01)
Mensaje D / 00:03:50:000 / modelname(04) / 00:00:00:000 para top(01)
Mensaje X / 00:03:50:000 / top(01) / pc_out /      0.00000 para observer(03)
Mensaje D / 00:03:50:000 / observer(03) / 00:00:10:000 para top(01)
Mensaje D / 00:03:50:000 / top(01) / 00:00:00:000 para Root(00)
Mensaje * / 00:03:50:000 / Root(00) para top(01)
Mensaje * / 00:03:50:000 / top(01) para modelname(04)
Mensaje * / 00:03:50:000 / modelname(04) para mailchecker(07)
Mensaje Y / 00:03:50:000 / mailchecker(07) / ml_out /      0.00000 para modelname(04)
Mensaje D / 00:03:50:000 / mailchecker(07) / ... para modelname(04)
Mensaje Y / 00:03:50:000 / modelname(04) / ml_out /      0.00000 para top(01)
Mensaje D / 00:03:50:000 / modelname(04) / ... para top(01)
Mensaje X / 00:03:50:000 / top(01) / ml_out /      0.00000 para observer(03)
Mensaje D / 00:03:50:000 / observer(03) / 00:00:10:000 para top(01)
Mensaje D / 00:03:50:000 / top(01) / 00:00:10:000 para Root(00)
Mensaje * / 00:04:00:000 / Root(00) para top(01)
Mensaje * / 00:04:00:000 / top(01) para observer(03)
Mensaje Y / 00:04:00:000 / observer(03) / response /      0.00000 para top(01)
Mensaje D / 00:04:00:000 / observer(03) / ... para top(01)
Mensaje Y / 00:04:00:000 / top(01) / response /      0.00000 para Root(00)
Mensaje D / 00:04:00:000 / top(01) / ... para Root(00)
Mensaje X / 00:04:10:000 / Root(00) / submit / 114090.00000 para top(01)
Mensaje X / 00:04:10:000 / top(01) / submit / 114090.00000 para assignment(02)
Mensaje D / 00:04:10:000 / assignment(02) / 00:00:05:000 para top(01)
Mensaje D / 00:04:10:000 / top(01) / 00:00:05:000 para Root(00)
Mensaje * / 00:04:15:000 / Root(00) para top(01)
Mensaje * / 00:04:15:000 / top(01) para assignment(02)
Mensaje Y / 00:04:15:000 / assignment(02) / details / 114090.00000 para top(01)
Mensaje D / 00:04:15:000 / assignment(02) / ... para top(01)
Mensaje X / 00:04:15:000 / top(01) / details / 114090.00000 para modelname(04)
Mensaje X / 00:04:15:000 / modelname(04) / details / 114090.00000 para timechecker(05)
Mensaje X / 00:04:15:000 / modelname(04) / details / 114090.00000 para plagiarismchecker(06)
Mensaje X / 00:04:15:000 / modelname(04) / details / 114090.00000 para mailchecker(07)
Mensaje D / 00:04:15:000 / timechecker(05) / 00:00:05:000 para modelname(04)
Mensaje D / 00:04:15:000 / plagiarismchecker(06) / 00:00:05:000 para modelname(04)
Mensaje D / 00:04:15:000 / mailchecker(07) / 00:00:05:000 para modelname(04)
Mensaje D / 00:04:15:000 / modelname(04) / 00:00:05:000 para top(01)
Mensaje D / 00:04:15:000 / top(01) / 00:00:05:000 para Root(00)
Mensaje * / 00:04:20:000 / Root(00) para top(01)
Mensaje * / 00:04:20:000 / top(01) para modelname(04)
Mensaje * / 00:04:20:000 / modelname(04) para timechecker(05)
Mensaje Y / 00:04:20:000 / timechecker(05) / tc_out /      0.00000 para modelname(04)
Mensaje D / 00:04:20:000 / timechecker(05) / ... para modelname(04)
Mensaje Y / 00:04:20:000 / modelname(04) / tc_out /      0.00000 para top(01)
Mensaje D / 00:04:20:000 / modelname(04) / 00:00:00:000 para top(01)
Mensaje X / 00:04:20:000 / top(01) / tc_out /      0.00000 para observer(03)
Mensaje D / 00:04:20:000 / observer(03) / 00:00:10:000 para top(01)
Mensaje D / 00:04:20:000 / top(01) / 00:00:00:000 para Root(00)
Mensaje * / 00:04:20:000 / Root(00) para top(01)
Mensaje * / 00:04:20:000 / top(01) para modelname(04)
Mensaje * / 00:04:20:000 / modelname(04) para plagiarismchecker(06)
Mensaje Y / 00:04:20:000 / plagiarismchecker(06) / pc_out /      0.00000 para modelname(04)
Mensaje D / 00:04:20:000 / plagiarismchecker(06) / ... para modelname(04)
Mensaje Y / 00:04:20:000 / modelname(04) / pc_out /      0.00000 para top(01)
Mensaje D / 00:04:20:000 / modelname(04) / 00:00:00:000 para top(01)
Mensaje X / 00:04:20:000 / top(01) / pc_out /      0.00000 para observer(03)
Mensaje D / 00:04:20:000 / observer(03) / 00:00:10:000 para top(01)
Mensaje D / 00:04:20:000 / top(01) / 00:00:00:000 para Root(00)
Mensaje * / 00:04:20:000 / Root(00) para top(01)
Mensaje * / 00:04:20:000 / top(01) para modelname(04)
Mensaje * / 00:04:20:000 / modelname(04) para mailchecker(07)
Mensaje Y / 00:04:20:000 / mailchecker(07) / ml_out /      0.00000 para modelname(04)
Mensaje D / 00:04:20:000 / mailchecker(07) / ... para modelname(04)
Mensaje Y / 00:04:20:000 / modelname(04) / ml_out /      0.00000 para top(01)
Mensaje D / 00:04:20:000 / modelname(04) / ... para top(01)
Mensaje X / 00:04:20:000 / top(01) / ml_out /      0.00000 para observer(03)
Mensaje D / 00:04:20:000 / observer(03) / 00:00:10:000 para top(01)
Mensaje D / 00:04:20:000 / top(01) / 00:00:10:000 para Root(00)
Mensaje * / 00:04:30:000 / Root(00) para top(01)
Mensaje * / 00:04:30:000 / top(01) para observer(03)
Mensaje Y / 00:04:30:000 / observer(03) / response /      0.00000 para top(01)
Mensaje D / 00:04:30:000 / observer(03) / ... para top(01)
Mensaje Y / 00:04:30:000 / top(01) / response /      0.00000 para Root(00)
Mensaje D / 00:04:30:000 / top(01) / ... para Root(00)
Mensaje X / 00:04:40:000 / Root(00) / submit / 104111.00000 para top(01)
Mensaje X / 00:04:40:000 / top(01) / submit / 104111.00000 para assignment(02)
Mensaje D / 00:04:40:000 / assignment(02) / 00:00:05:000 para top(01)
Mensaje D / 00:04:40:000 / top(01) / 00:00:05:000 para Root(00)
Mensaje * / 00:04:45:000 / Root(00) para top(01)
Mensaje * / 00:04:45:000 / top(01) para assignment(02)
Mensaje Y / 00:04:45:000 / assignment(02) / details / 104111.00000 para top(01)
Mensaje D / 00:04:45:000 / assignment(02) / ... para top(01)
Mensaje X / 00:04:45:000 / top(01) / details / 104111.00000 para modelname(04)
Mensaje X / 00:04:45:000 / modelname(04) / details / 104111.00000 para timechecker(05)
Mensaje X / 00:04:45:000 / modelname(04) / details / 104111.00000 para plagiarismchecker(06)
Mensaje X / 00:04:45:000 / modelname(04) / details / 104111.00000 para mailchecker(07)
Mensaje D / 00:04:45:000 / timechecker(05) / 00:00:05:000 para modelname(04)
Mensaje D / 00:04:45:000 / plagiarismchecker(06) / 00:00:05:000 para modelname(04)
Mensaje D / 00:04:45:000 / mailchecker(07) / 00:00:05:000 para modelname(04)
Mensaje D / 00:04:45:000 / modelname(04) / 00:00:05:000 para top(01)
Mensaje D / 00:04:45:000 / top(01) / 00:00:05:000 para Root(00)
Mensaje * / 00:04:50:000 / Root(00) para top(01)
Mensaje * / 00:04:50:000 / top(01) para modelname(04)
Mensaje * / 00:04:50:000 / modelname(04) para timechecker(05)
Mensaje Y / 00:04:50:000 / timechecker(05) / tc_out /      1.00000 para modelname(04)
Mensaje D / 00:04:50:000 / timechecker(05) / ... para modelname(04)
Mensaje Y / 00:04:50:000 / modelname(04) / tc_out /      1.00000 para top(01)
Mensaje D / 00:04:50:000 / modelname(04) / 00:00:00:000 para top(01)
Mensaje X / 00:04:50:000 / top(01) / tc_out /      1.00000 para observer(03)
Mensaje D / 00:04:50:000 / observer(03) / 00:00:10:000 para top(01)
Mensaje D / 00:04:50:000 / top(01) / 00:00:00:000 para Root(00)
Mensaje * / 00:04:50:000 / Root(00) para top(01)
Mensaje * / 00:04:50:000 / top(01) para modelname(04)
Mensaje * / 00:04:50:000 / modelname(04) para plagiarismchecker(06)
Mensaje Y / 00:04:50:000 / plagiarismchecker(06) / pc_out /      1.00000 para modelname(04)
Mensaje D / 00:04:50:000 / plagiarismchecker(06) / ... para modelname(04)
Mensaje Y / 00:04:50:000 / modelname(04) / pc_out /      1.00000 para top(01)
Mensaje D / 00:04:50:000 / modelname(04) / 00:00:00:000 para top(01)
Mensaje X / 00:04:50:000 / top(01) / pc_out /      1.00000 para observer(03)
Mensaje D / 00:04:50:000 / observer(03) / 00:00:10:000 para top(01)
Mensaje D / 00:04:50:000 / top(01) / 00:00:00:000 para Root(00)
Mensaje * / 00:04:50:000 / Root(00) para top(01)
Mensaje * / 00:04:50:000 / top(01) para modelname(04)
Mensaje * / 00:04:50:000 / modelname(04) para mailchecker(07)
Mensaje Y / 00:04:50:000 / mailchecker(07) / ml_out /      1.00000 para modelname(04)
Mensaje D / 00:04:50:000 / mailchecker(07) / ... para modelname(04)
Mensaje Y / 00:04:50:000 / modelname(04) / ml_out /      1.00000 para top(01)
Mensaje D / 00:04:50:000 / modelname(04) / ... para top(01)
Mensaje X / 00:04:50:000 / top(01) / ml_out /      1.00000 para observer(03)
Mensaje D / 00:04:50:000 / observer(03) / 00:00:10:000 para top(01)
Mensaje D / 00:04:50:000 / top(01) / 00:00:10:000 para Root(00)
Mensaje * / 00:05:00:000 / Root(00) para top(01)
Mensaje * / 00:05:00:000 / top(01) para observer(03)
Mensaje Y / 00:05:00:000 / observer(03) / response /      1.00000 para top(01)
Mensaje D / 00:05:00:000 / observer(03) / ... para top(01)
Mensaje Y / 00:05:00:000 / top(01) / response /      1.00000 para Root(00)
Mensaje D / 00:05:00:000 / top(01) / ... para Root(00)
