Mensaje I / 00:00:00:000 / Root(00) para top(01)
Mensaje I / 00:00:00:000 / top(01) para observer(02)
Mensaje D / 00:00:00:000 / observer(02) / ... para top(01)
Mensaje D / 00:00:00:000 / top(01) / ... para Root(00)
Mensaje X / 00:00:10:000 / Root(00) / ml_out /      1.00000 para top(01)
Mensaje X / 00:00:10:000 / top(01) / ml_out /      1.00000 para observer(02)
Mensaje D / 00:00:10:000 / observer(02) / 00:00:10:000 para top(01)
Mensaje D / 00:00:10:000 / top(01) / 00:00:10:000 para Root(00)
Mensaje X / 00:00:10:000 / Root(00) / pc_out /      1.00000 para top(01)
Mensaje X / 00:00:10:000 / top(01) / pc_out /      1.00000 para observer(02)
Mensaje D / 00:00:10:000 / observer(02) / 00:00:10:000 para top(01)
Mensaje D / 00:00:10:000 / top(01) / 00:00:10:000 para Root(00)
Mensaje X / 00:00:10:000 / Root(00) / tc_out /      1.00000 para top(01)
Mensaje X / 00:00:10:000 / top(01) / tc_out /      1.00000 para observer(02)
Mensaje D / 00:00:10:000 / observer(02) / 00:00:10:000 para top(01)
Mensaje D / 00:00:10:000 / top(01) / 00:00:10:000 para Root(00)
Mensaje * / 00:00:20:000 / Root(00) para top(01)
Mensaje * / 00:00:20:000 / top(01) para observer(02)
Mensaje Y / 00:00:20:000 / observer(02) / response /      1.00000 para top(01)
Mensaje D / 00:00:20:000 / observer(02) / ... para top(01)
Mensaje Y / 00:00:20:000 / top(01) / response /      1.00000 para Root(00)
Mensaje D / 00:00:20:000 / top(01) / ... para Root(00)
Mensaje X / 00:00:30:000 / Root(00) / ml_out /      0.00000 para top(01)
Mensaje X / 00:00:30:000 / top(01) / ml_out /      0.00000 para observer(02)
Mensaje D / 00:00:30:000 / observer(02) / 00:00:10:000 para top(01)
Mensaje D / 00:00:30:000 / top(01) / 00:00:10:000 para Root(00)
Mensaje X / 00:00:30:000 / Root(00) / pc_out /      1.00000 para top(01)
Mensaje X / 00:00:30:000 / top(01) / pc_out /      1.00000 para observer(02)
Mensaje D / 00:00:30:000 / observer(02) / 00:00:10:000 para top(01)
Mensaje D / 00:00:30:000 / top(01) / 00:00:10:000 para Root(00)
Mensaje X / 00:00:30:000 / Root(00) / tc_out /      1.00000 para top(01)
Mensaje X / 00:00:30:000 / top(01) / tc_out /      1.00000 para observer(02)
Mensaje D / 00:00:30:000 / observer(02) / 00:00:10:000 para top(01)
Mensaje D / 00:00:30:000 / top(01) / 00:00:10:000 para Root(00)
Mensaje * / 00:00:40:000 / Root(00) para top(01)
Mensaje * / 00:00:40:000 / top(01) para observer(02)
Mensaje Y / 00:00:40:000 / observer(02) / response /      0.00000 para top(01)
Mensaje D / 00:00:40:000 / observer(02) / ... para top(01)
Mensaje Y / 00:00:40:000 / top(01) / response /      0.00000 para Root(00)
Mensaje D / 00:00:40:000 / top(01) / ... para Root(00)
Mensaje X / 00:00:50:000 / Root(00) / ml_out /      1.00000 para top(01)
Mensaje X / 00:00:50:000 / top(01) / ml_out /      1.00000 para observer(02)
Mensaje D / 00:00:50:000 / observer(02) / 00:00:10:000 para top(01)
Mensaje D / 00:00:50:000 / top(01) / 00:00:10:000 para Root(00)
Mensaje X / 00:00:50:000 / Root(00) / pc_out /      0.00000 para top(01)
Mensaje X / 00:00:50:000 / top(01) / pc_out /      0.00000 para observer(02)
Mensaje D / 00:00:50:000 / observer(02) / 00:00:10:000 para top(01)
Mensaje D / 00:00:50:000 / top(01) / 00:00:10:000 para Root(00)
Mensaje X / 00:00:50:000 / Root(00) / tc_out /      1.00000 para top(01)
Mensaje X / 00:00:50:000 / top(01) / tc_out /      1.00000 para observer(02)
Mensaje D / 00:00:50:000 / observer(02) / 00:00:10:000 para top(01)
Mensaje D / 00:00:50:000 / top(01) / 00:00:10:000 para Root(00)
Mensaje * / 00:01:00:000 / Root(00) para top(01)
Mensaje * / 00:01:00:000 / top(01) para observer(02)
Mensaje Y / 00:01:00:000 / observer(02) / response /      0.00000 para top(01)
Mensaje D / 00:01:00:000 / observer(02) / ... para top(01)
Mensaje Y / 00:01:00:000 / top(01) / response /      0.00000 para Root(00)
Mensaje D / 00:01:00:000 / top(01) / ... para Root(00)
Mensaje X / 00:01:10:000 / Root(00) / ml_out /      1.00000 para top(01)
Mensaje X / 00:01:10:000 / top(01) / ml_out /      1.00000 para observer(02)
Mensaje D / 00:01:10:000 / observer(02) / 00:00:10:000 para top(01)
Mensaje D / 00:01:10:000 / top(01) / 00:00:10:000 para Root(00)
Mensaje X / 00:01:10:000 / Root(00) / pc_out /      1.00000 para top(01)
Mensaje X / 00:01:10:000 / top(01) / pc_out /      1.00000 para observer(02)
Mensaje D / 00:01:10:000 / observer(02) / 00:00:10:000 para top(01)
Mensaje D / 00:01:10:000 / top(01) / 00:00:10:000 para Root(00)
Mensaje X / 00:01:10:000 / Root(00) / tc_out /      0.00000 para top(01)
Mensaje X / 00:01:10:000 / top(01) / tc_out /      0.00000 para observer(02)
Mensaje D / 00:01:10:000 / observer(02) / 00:00:10:000 para top(01)
Mensaje D / 00:01:10:000 / top(01) / 00:00:10:000 para Root(00)
Mensaje * / 00:01:20:000 / Root(00) para top(01)
Mensaje * / 00:01:20:000 / top(01) para observer(02)
Mensaje Y / 00:01:20:000 / observer(02) / response /      0.00000 para top(01)
Mensaje D / 00:01:20:000 / observer(02) / ... para top(01)
Mensaje Y / 00:01:20:000 / top(01) / response /      0.00000 para Root(00)
Mensaje D / 00:01:20:000 / top(01) / ... para Root(00)
Mensaje X / 00:01:30:000 / Root(00) / ml_out /      0.00000 para top(01)
Mensaje X / 00:01:30:000 / top(01) / ml_out /      0.00000 para observer(02)
Mensaje D / 00:01:30:000 / observer(02) / 00:00:10:000 para top(01)
Mensaje D / 00:01:30:000 / top(01) / 00:00:10:000 para Root(00)
Mensaje X / 00:01:30:000 / Root(00) / pc_out /      0.00000 para top(01)
Mensaje X / 00:01:30:000 / top(01) / pc_out /      0.00000 para observer(02)
Mensaje D / 00:01:30:000 / observer(02) / 00:00:10:000 para top(01)
Mensaje D / 00:01:30:000 / top(01) / 00:00:10:000 para Root(00)
Mensaje X / 00:01:30:000 / Root(00) / tc_out /      0.00000 para top(01)
Mensaje X / 00:01:30:000 / top(01) / tc_out /      0.00000 para observer(02)
Mensaje D / 00:01:30:000 / observer(02) / 00:00:10:000 para top(01)
Mensaje D / 00:01:30:000 / top(01) / 00:00:10:000 para Root(00)
Mensaje * / 00:01:40:000 / Root(00) para top(01)
Mensaje * / 00:01:40:000 / top(01) para observer(02)
Mensaje Y / 00:01:40:000 / observer(02) / response /      0.00000 para top(01)
Mensaje D / 00:01:40:000 / observer(02) / ... para top(01)
Mensaje Y / 00:01:40:000 / top(01) / response /      0.00000 para Root(00)
Mensaje D / 00:01:40:000 / top(01) / ... para Root(00)
