Mensaje I / 00:00:00:000 / Root(00) para top(01)
Mensaje I / 00:00:00:000 / top(01) para timechecker(02)
Mensaje D / 00:00:00:000 / timechecker(02) / ... para top(01)
Mensaje D / 00:00:00:000 / top(01) / ... para Root(00)
Mensaje X / 00:00:10:000 / Root(00) / details / 110151.00000 para top(01)
Mensaje X / 00:00:10:000 / top(01) / details / 110151.00000 para timechecker(02)
Mensaje D / 00:00:10:000 / timechecker(02) / 00:00:05:000 para top(01)
Mensaje D / 00:00:10:000 / top(01) / 00:00:05:000 para Root(00)
Mensaje * / 00:00:15:000 / Root(00) para top(01)
Mensaje * / 00:00:15:000 / top(01) para timechecker(02)
Mensaje Y / 00:00:15:000 / timechecker(02) / tc_out /      1.00000 para top(01)
Mensaje D / 00:00:15:000 / timechecker(02) / ... para top(01)
Mensaje Y / 00:00:15:000 / top(01) / tc_out /      1.00000 para Root(00)
Mensaje D / 00:00:15:000 / top(01) / ... para Root(00)
Mensaje X / 00:00:20:000 / Root(00) / details / 115201.00000 para top(01)
Mensaje X / 00:00:20:000 / top(01) / details / 115201.00000 para timechecker(02)
Mensaje D / 00:00:20:000 / timechecker(02) / 00:00:05:000 para top(01)
Mensaje D / 00:00:20:000 / top(01) / 00:00:05:000 para Root(00)
Mensaje * / 00:00:25:000 / Root(00) para top(01)
Mensaje * / 00:00:25:000 / top(01) para timechecker(02)
Mensaje Y / 00:00:25:000 / timechecker(02) / tc_out /      0.00000 para top(01)
Mensaje D / 00:00:25:000 / timechecker(02) / ... para top(01)
Mensaje Y / 00:00:25:000 / top(01) / tc_out /      0.00000 para Root(00)
Mensaje D / 00:00:25:000 / top(01) / ... para Root(00)
Mensaje X / 00:00:30:000 / Root(00) / details / 111151.00000 para top(01)
Mensaje X / 00:00:30:000 / top(01) / details / 111151.00000 para timechecker(02)
Mensaje D / 00:00:30:000 / timechecker(02) / 00:00:05:000 para top(01)
Mensaje D / 00:00:30:000 / top(01) / 00:00:05:000 para Root(00)
Mensaje * / 00:00:35:000 / Root(00) para top(01)
Mensaje * / 00:00:35:000 / top(01) para timechecker(02)
Mensaje Y / 00:00:35:000 / timechecker(02) / tc_out /      1.00000 para top(01)
Mensaje D / 00:00:35:000 / timechecker(02) / ... para top(01)
Mensaje Y / 00:00:35:000 / top(01) / tc_out /      1.00000 para Root(00)
Mensaje D / 00:00:35:000 / top(01) / ... para Root(00)
Mensaje X / 00:00:40:000 / Root(00) / details / 116201.00000 para top(01)
Mensaje X / 00:00:40:000 / top(01) / details / 116201.00000 para timechecker(02)
Mensaje D / 00:00:40:000 / timechecker(02) / 00:00:05:000 para top(01)
Mensaje D / 00:00:40:000 / top(01) / 00:00:05:000 para Root(00)
Mensaje * / 00:00:45:000 / Root(00) para top(01)
Mensaje * / 00:00:45:000 / top(01) para timechecker(02)
Mensaje Y / 00:00:45:000 / timechecker(02) / tc_out /      0.00000 para top(01)
Mensaje D / 00:00:45:000 / timechecker(02) / ... para top(01)
Mensaje Y / 00:00:45:000 / top(01) / tc_out /      0.00000 para Root(00)
Mensaje D / 00:00:45:000 / top(01) / ... para Root(00)
Mensaje X / 00:00:50:000 / Root(00) / details / 101151.00000 para top(01)
Mensaje X / 00:00:50:000 / top(01) / details / 101151.00000 para timechecker(02)
Mensaje D / 00:00:50:000 / timechecker(02) / 00:00:05:000 para top(01)
Mensaje D / 00:00:50:000 / top(01) / 00:00:05:000 para Root(00)
Mensaje * / 00:00:55:000 / Root(00) para top(01)
Mensaje * / 00:00:55:000 / top(01) para timechecker(02)
Mensaje Y / 00:00:55:000 / timechecker(02) / tc_out /      1.00000 para top(01)
Mensaje D / 00:00:55:000 / timechecker(02) / ... para top(01)
Mensaje Y / 00:00:55:000 / top(01) / tc_out /      1.00000 para Root(00)
Mensaje D / 00:00:55:000 / top(01) / ... para Root(00)
Mensaje X / 00:01:00:000 / Root(00) / details / 124201.00000 para top(01)
Mensaje X / 00:01:00:000 / top(01) / details / 124201.00000 para timechecker(02)
Mensaje D / 00:01:00:000 / timechecker(02) / 00:00:05:000 para top(01)
Mensaje D / 00:01:00:000 / top(01) / 00:00:05:000 para Root(00)
Mensaje * / 00:01:05:000 / Root(00) para top(01)
Mensaje * / 00:01:05:000 / top(01) para timechecker(02)
Mensaje Y / 00:01:05:000 / timechecker(02) / tc_out /      0.00000 para top(01)
Mensaje D / 00:01:05:000 / timechecker(02) / ... para top(01)
Mensaje Y / 00:01:05:000 / top(01) / tc_out /      0.00000 para Root(00)
Mensaje D / 00:01:05:000 / top(01) / ... para Root(00)
Mensaje X / 00:01:10:000 / Root(00) / details / 105151.00000 para top(01)
Mensaje X / 00:01:10:000 / top(01) / details / 105151.00000 para timechecker(02)
Mensaje D / 00:01:10:000 / timechecker(02) / 00:00:05:000 para top(01)
Mensaje D / 00:01:10:000 / top(01) / 00:00:05:000 para Root(00)
Mensaje * / 00:01:15:000 / Root(00) para top(01)
Mensaje * / 00:01:15:000 / top(01) para timechecker(02)
Mensaje Y / 00:01:15:000 / timechecker(02) / tc_out /      1.00000 para top(01)
Mensaje D / 00:01:15:000 / timechecker(02) / ... para top(01)
Mensaje Y / 00:01:15:000 / top(01) / tc_out /      1.00000 para Root(00)
Mensaje D / 00:01:15:000 / top(01) / ... para Root(00)
Mensaje X / 00:01:20:000 / Root(00) / details / 119201.00000 para top(01)
Mensaje X / 00:01:20:000 / top(01) / details / 119201.00000 para timechecker(02)
Mensaje D / 00:01:20:000 / timechecker(02) / 00:00:05:000 para top(01)
Mensaje D / 00:01:20:000 / top(01) / 00:00:05:000 para Root(00)
Mensaje * / 00:01:25:000 / Root(00) para top(01)
Mensaje * / 00:01:25:000 / top(01) para timechecker(02)
Mensaje Y / 00:01:25:000 / timechecker(02) / tc_out /      0.00000 para top(01)
Mensaje D / 00:01:25:000 / timechecker(02) / ... para top(01)
Mensaje Y / 00:01:25:000 / top(01) / tc_out /      0.00000 para Root(00)
Mensaje D / 00:01:25:000 / top(01) / ... para Root(00)
Mensaje X / 00:01:30:000 / Root(00) / details / 104201.00000 para top(01)
Mensaje X / 00:01:30:000 / top(01) / details / 104201.00000 para timechecker(02)
Mensaje D / 00:01:30:000 / timechecker(02) / 00:00:05:000 para top(01)
Mensaje D / 00:01:30:000 / top(01) / 00:00:05:000 para Root(00)
Mensaje * / 00:01:35:000 / Root(00) para top(01)
Mensaje * / 00:01:35:000 / top(01) para timechecker(02)
Mensaje Y / 00:01:35:000 / timechecker(02) / tc_out /      1.00000 para top(01)
Mensaje D / 00:01:35:000 / timechecker(02) / ... para top(01)
Mensaje Y / 00:01:35:000 / top(01) / tc_out /      1.00000 para Root(00)
Mensaje D / 00:01:35:000 / top(01) / ... para Root(00)
